nohup: ignoring input
 Image phpmyadmin:latest Pulling 
 35b6b15c3457 Pulling fs layer 0B
 0a0ca10e9c2e Pulling fs layer 0B
 6f532b20dce6 Pulling fs layer 0B
 07f40ee734f4 Pulling fs layer 0B
 080f77256071 Pulling fs layer 0B
 27442454b736 Pulling fs layer 0B
 6c9a88b46c71 Pulling fs layer 0B
 effb68688d83 Pulling fs layer 0B
 23f1b0890dbe Pulling fs layer 0B
 d966da89514a Pulling fs layer 0B
 70e74fa77754 Pulling fs layer 0B
 1f6480a7139c Pulling fs layer 0B
 b1b26ee3b6e3 Pulling fs layer 0B
 02f4f9a4519a Pulling fs layer 0B
 3d83a38811d0 Pulling fs layer 0B
 b2dd0a7d6055 Pulling fs layer 0B
 4f4fb700ef54 Pulling fs layer 0B
 cf1171b9e819 Pulling fs layer 0B
 7197481443d5 Pulling fs layer 0B
 735e906fddd9 Pulling fs layer 0B
 4f4fb700ef54 Already exists 0B
 a8c19adf9404 Downloading 51.58kB
 a8c19adf9404 Download complete 0B
 6f532b20dce6 Download complete 0B
 0a0ca10e9c2e Download complete 0B
 70e74fa77754 Download complete 0B
 d966da89514a Download complete 0B
 effb68688d83 Download complete 0B
 d966da89514a Extracting 1B
 1f6480a7139c Downloading 252B
 23f1b0890dbe Downloading 488B
 d966da89514a Pull complete 0B
 1f6480a7139c Download complete 0B
 23f1b0890dbe Download complete 0B
 3d83a38811d0 Download complete 0B
 735e906fddd9 Downloading 894B
 02f4f9a4519a Download complete 0B
 b2dd0a7d6055 Downloading 482B
 cf1171b9e819 Download complete 0B
 7197481443d5 Downloading 247B
 735e906fddd9 Download complete 0B
 b2dd0a7d6055 Download complete 0B
 7197481443d5 Download complete 0B
 07f40ee734f4 Downloading 1.049MB
 07f40ee734f4 Downloading 1.049MB
 080f77256071 Downloading 1.049MB
 07f40ee734f4 Downloading 1.049MB
 080f77256071 Downloading 1.049MB
 07f40ee734f4 Downloading 1.049MB
 080f77256071 Downloading 1.049MB
 07f40ee734f4 Downloading 1.049MB
 080f77256071 Downloading 1.049MB
 07f40ee734f4 Downloading 1.049MB
 080f77256071 Downloading 1.049MB
 07f40ee734f4 Downloading 1.049MB
 080f77256071 Downloading 1.049MB
 07f40ee734f4 Downloading 1.049MB
 07f40ee734f4 Downloading 1.049MB
 080f77256071 Downloading 1.049MB
 07f40ee734f4 Downloading 1.049MB
 080f77256071 Downloading 1.049MB
 080f77256071 Downloading 1.049MB
 07f40ee734f4 Downloading 2.097MB
 080f77256071 Downloading 1.049MB
 07f40ee734f4 Downloading 2.097MB
 080f77256071 Downloading 1.049MB
 07f40ee734f4 Downloading 2.097MB
 080f77256071 Downloading 1.049MB
 07f40ee734f4 Downloading 2.097MB
 080f77256071 Downloading 2.097MB
 07f40ee734f4 Downloading 2.097MB
 080f77256071 Downloading 2.097MB
 07f40ee734f4 Downloading 2.097MB
 07f40ee734f4 Downloading 2.097MB
 080f77256071 Downloading 2.097MB
 07f40ee734f4 Downloading 2.097MB
 080f77256071 Downloading 2.097MB
 080f77256071 Downloading 2.097MB
 07f40ee734f4 Downloading 2.097MB
 07f40ee734f4 Downloading 2.097MB
 080f77256071 Downloading 2.097MB
 080f77256071 Downloading 2.097MB
 07f40ee734f4 Downloading 2.097MB
 080f77256071 Downloading 2.097MB
 07f40ee734f4 Downloading 3.146MB
 080f77256071 Downloading 2.097MB
 07f40ee734f4 Downloading 3.146MB
 07f40ee734f4 Downloading 3.146MB
 080f77256071 Downloading 2.097MB
 080f77256071 Downloading 2.097MB
 07f40ee734f4 Downloading 3.146MB
 35b6b15c3457 Downloading 1.049MB
 27442454b736 Downloading 1.049MB
 07f40ee734f4 Downloading 3.146MB
 35b6b15c3457 Downloading 1.049MB
 080f77256071 Downloading 2.097MB
 07f40ee734f4 Downloading 3.146MB
 35b6b15c3457 Downloading 1.049MB
 080f77256071 Downloading 2.097MB
 27442454b736 Downloading 1.049MB
 27442454b736 Downloading 1.049MB
 07f40ee734f4 Downloading 3.146MB
 35b6b15c3457 Downloading 1.049MB
 080f77256071 Downloading 2.097MB
 080f77256071 Downloading 2.097MB
 27442454b736 Downloading 1.049MB
 07f40ee734f4 Downloading 3.146MB
 35b6b15c3457 Downloading 1.049MB
 6c9a88b46c71 Downloading 1.049MB
 27442454b736 Downloading 1.049MB
 07f40ee734f4 Downloading 3.146MB
 35b6b15c3457 Downloading 1.049MB
 b1b26ee3b6e3 Downloading 1.049MB
 080f77256071 Downloading 2.097MB
 6c9a88b46c71 Downloading 1.049MB
 27442454b736 Downloading 1.049MB
 07f40ee734f4 Downloading 3.146MB
 35b6b15c3457 Downloading 1.049MB
 b1b26ee3b6e3 Downloading 1.049MB
 080f77256071 Downloading 2.097MB
 080f77256071 Downloading 3.146MB
 6c9a88b46c71 Downloading 1.049MB
 27442454b736 Downloading 1.049MB
 07f40ee734f4 Downloading 3.146MB
 35b6b15c3457 Downloading 1.049MB
 b1b26ee3b6e3 Downloading 1.049MB
 6c9a88b46c71 Downloading 1.049MB
 27442454b736 Downloading 1.049MB
 07f40ee734f4 Downloading 4.194MB
 35b6b15c3457 Downloading 1.049MB
 b1b26ee3b6e3 Downloading 1.049MB
 080f77256071 Downloading 3.146MB
 35b6b15c3457 Downloading 1.049MB
 b1b26ee3b6e3 Downloading 1.049MB
 080f77256071 Downloading 3.146MB
 6c9a88b46c71 Downloading 1.049MB
 27442454b736 Downloading 1.049MB
 07f40ee734f4 Downloading 4.194MB
 080f77256071 Downloading 3.146MB
 6c9a88b46c71 Downloading 1.049MB
 27442454b736 Downloading 1.049MB
 07f40ee734f4 Downloading 4.194MB
 35b6b15c3457 Downloading 1.049MB
 b1b26ee3b6e3 Downloading 1.049MB
 080f77256071 Downloading 3.146MB
 6c9a88b46c71 Downloading 1.049MB
 27442454b736 Downloading 1.049MB
 07f40ee734f4 Downloading 4.194MB
 35b6b15c3457 Downloading 1.049MB
 b1b26ee3b6e3 Downloading 1.049MB
 080f77256071 Downloading 3.146MB
 6c9a88b46c71 Downloading 1.049MB
 27442454b736 Downloading 1.049MB
 07f40ee734f4 Downloading 4.194MB
 35b6b15c3457 Downloading 1.049MB
 b1b26ee3b6e3 Downloading 1.049MB
 35b6b15c3457 Downloading 1.049MB
 b1b26ee3b6e3 Downloading 1.049MB
 080f77256071 Downloading 3.146MB
 6c9a88b46c71 Downloading 1.049MB
 27442454b736 Downloading 1.049MB
 07f40ee734f4 Downloading 4.194MB
 080f77256071 Downloading 3.146MB
 6c9a88b46c71 Downloading 1.049MB
 27442454b736 Downloading 1.049MB
 07f40ee734f4 Downloading 4.194MB
 35b6b15c3457 Downloading 1.049MB
 b1b26ee3b6e3 Downloading 1.049MB
 6c9a88b46c71 Downloading 1.049MB
 27442454b736 Downloading 1.049MB
 07f40ee734f4 Downloading 4.194MB
 35b6b15c3457 Downloading 1.049MB
 b1b26ee3b6e3 Downloading 1.049MB
 080f77256071 Downloading 3.146MB
 080f77256071 Downloading 3.146MB
 6c9a88b46c71 Downloading 1.049MB
 27442454b736 Downloading 1.049MB
 07f40ee734f4 Downloading 5.243MB
 35b6b15c3457 Downloading 1.049MB
 b1b26ee3b6e3 Downloading 1.049MB
 080f77256071 Downloading 3.146MB
 6c9a88b46c71 Downloading 1.049MB
 27442454b736 Downloading 1.049MB
 07f40ee734f4 Downloading 5.243MB
 35b6b15c3457 Downloading 1.049MB
 b1b26ee3b6e3 Downloading 1.049MB
 6c9a88b46c71 Downloading 1.049MB
 27442454b736 Downloading 1.049MB
 07f40ee734f4 Downloading 5.243MB
 35b6b15c3457 Downloading 1.049MB
 b1b26ee3b6e3 Downloading 1.049MB
 080f77256071 Downloading 4.194MB
 6c9a88b46c71 Downloading 1.049MB
 27442454b736 Downloading 1.049MB
 07f40ee734f4 Downloading 5.243MB
 35b6b15c3457 Downloading 1.049MB
 b1b26ee3b6e3 Downloading 1.049MB
 080f77256071 Downloading 4.194MB
 080f77256071 Downloading 4.194MB
 6c9a88b46c71 Downloading 1.049MB
 27442454b736 Downloading 1.049MB
 07f40ee734f4 Downloading 5.243MB
 35b6b15c3457 Downloading 1.049MB
 b1b26ee3b6e3 Downloading 1.049MB
 35b6b15c3457 Downloading 1.049MB
 b1b26ee3b6e3 Downloading 1.049MB
 080f77256071 Downloading 4.194MB
 6c9a88b46c71 Downloading 1.049MB
 27442454b736 Downloading 1.049MB
 07f40ee734f4 Downloading 5.243MB
 080f77256071 Downloading 4.194MB
 6c9a88b46c71 Downloading 1.049MB
 27442454b736 Downloading 1.049MB
 07f40ee734f4 Downloading 5.243MB
 35b6b15c3457 Downloading 1.049MB
 b1b26ee3b6e3 Downloading 1.049MB
 07f40ee734f4 Downloading 5.243MB
 35b6b15c3457 Downloading 1.049MB
 b1b26ee3b6e3 Downloading 1.049MB
 080f77256071 Downloading 4.194MB
 6c9a88b46c71 Downloading 1.049MB
 27442454b736 Downloading 1.049MB
 27442454b736 Downloading 1.049MB
 07f40ee734f4 Downloading 5.243MB
 35b6b15c3457 Downloading 2.097MB
 b1b26ee3b6e3 Downloading 1.049MB
 080f77256071 Downloading 4.194MB
 6c9a88b46c71 Downloading 1.049MB
 080f77256071 Downloading 4.194MB
 6c9a88b46c71 Downloading 1.049MB
 27442454b736 Downloading 1.049MB
 07f40ee734f4 Downloading 5.243MB
 35b6b15c3457 Downloading 2.097MB
 b1b26ee3b6e3 Downloading 1.049MB
 080f77256071 Downloading 4.194MB
 6c9a88b46c71 Downloading 1.049MB
 27442454b736 Downloading 2.097MB
 07f40ee734f4 Downloading 6.291MB
 35b6b15c3457 Downloading 2.097MB
 b1b26ee3b6e3 Downloading 1.049MB
 6c9a88b46c71 Downloading 1.049MB
 27442454b736 Downloading 2.097MB
 07f40ee734f4 Downloading 6.291MB
 35b6b15c3457 Downloading 2.097MB
 b1b26ee3b6e3 Downloading 1.049MB
 080f77256071 Downloading 4.194MB
 080f77256071 Downloading 4.194MB
 6c9a88b46c71 Downloading 2.097MB
 27442454b736 Downloading 2.097MB
 07f40ee734f4 Downloading 6.291MB
 35b6b15c3457 Downloading 2.097MB
 b1b26ee3b6e3 Downloading 1.049MB
 080f77256071 Downloading 4.194MB
 6c9a88b46c71 Downloading 2.097MB
 27442454b736 Downloading 2.097MB
 07f40ee734f4 Downloading 6.291MB
 35b6b15c3457 Downloading 2.097MB
 b1b26ee3b6e3 Downloading 1.049MB
 080f77256071 Downloading 4.194MB
 6c9a88b46c71 Downloading 2.097MB
 27442454b736 Downloading 2.097MB
 07f40ee734f4 Downloading 6.291MB
 35b6b15c3457 Downloading 2.097MB
 b1b26ee3b6e3 Downloading 1.049MB
 6c9a88b46c71 Downloading 2.097MB
 27442454b736 Downloading 2.097MB
 07f40ee734f4 Downloading 6.291MB
 35b6b15c3457 Downloading 2.097MB
 b1b26ee3b6e3 Downloading 1.049MB
 080f77256071 Downloading 4.194MB
 b1b26ee3b6e3 Downloading 1.049MB
 080f77256071 Downloading 4.194MB
 6c9a88b46c71 Downloading 2.097MB
 27442454b736 Downloading 2.097MB
 07f40ee734f4 Downloading 6.291MB
 35b6b15c3457 Downloading 2.097MB
 07f40ee734f4 Downloading 6.291MB
 35b6b15c3457 Downloading 2.097MB
 b1b26ee3b6e3 Downloading 1.049MB
 080f77256071 Downloading 5.243MB
 6c9a88b46c71 Downloading 2.097MB
 27442454b736 Downloading 2.097MB
 6c9a88b46c71 Downloading 2.097MB
 27442454b736 Downloading 2.097MB
 07f40ee734f4 Downloading 6.291MB
 35b6b15c3457 Downloading 2.097MB
 b1b26ee3b6e3 Downloading 2.097MB
 080f77256071 Downloading 5.243MB
 080f77256071 Downloading 5.243MB
 6c9a88b46c71 Downloading 2.097MB
 27442454b736 Downloading 2.097MB
 07f40ee734f4 Downloading 6.291MB
 35b6b15c3457 Downloading 2.097MB
 b1b26ee3b6e3 Downloading 2.097MB
 6c9a88b46c71 Downloading 2.097MB
 27442454b736 Downloading 2.097MB
 07f40ee734f4 Downloading 6.291MB
 35b6b15c3457 Downloading 2.097MB
 b1b26ee3b6e3 Downloading 2.097MB
 080f77256071 Downloading 5.243MB
 6c9a88b46c71 Downloading 2.097MB
 27442454b736 Downloading 2.097MB
 07f40ee734f4 Downloading 7.34MB
 35b6b15c3457 Downloading 2.097MB
 b1b26ee3b6e3 Downloading 2.097MB
 080f77256071 Downloading 5.243MB
 080f77256071 Downloading 5.243MB
 6c9a88b46c71 Downloading 2.097MB
 27442454b736 Downloading 2.097MB
 07f40ee734f4 Downloading 7.34MB
 35b6b15c3457 Downloading 2.097MB
 b1b26ee3b6e3 Downloading 2.097MB
 07f40ee734f4 Downloading 7.34MB
 35b6b15c3457 Downloading 2.097MB
 b1b26ee3b6e3 Downloading 2.097MB
 080f77256071 Downloading 5.243MB
 6c9a88b46c71 Downloading 2.097MB
 27442454b736 Downloading 2.097MB
 35b6b15c3457 Downloading 2.097MB
 b1b26ee3b6e3 Downloading 2.097MB
 080f77256071 Downloading 5.243MB
 6c9a88b46c71 Downloading 2.097MB
 27442454b736 Downloading 2.097MB
 07f40ee734f4 Downloading 7.34MB
 6c9a88b46c71 Downloading 2.097MB
 27442454b736 Downloading 2.097MB
 07f40ee734f4 Downloading 7.34MB
 35b6b15c3457 Downloading 2.097MB
 b1b26ee3b6e3 Downloading 2.097MB
 080f77256071 Downloading 5.243MB
 27442454b736 Downloading 2.097MB
 07f40ee734f4 Downloading 7.34MB
 35b6b15c3457 Downloading 2.097MB
 b1b26ee3b6e3 Downloading 2.097MB
 080f77256071 Downloading 5.243MB
 6c9a88b46c71 Downloading 2.097MB
 6c9a88b46c71 Downloading 2.097MB
 27442454b736 Downloading 2.097MB
 07f40ee734f4 Downloading 7.34MB
 35b6b15c3457 Downloading 2.097MB
 b1b26ee3b6e3 Downloading 2.097MB
 080f77256071 Downloading 5.243MB
 6c9a88b46c71 Downloading 2.097MB
 27442454b736 Downloading 2.097MB
 07f40ee734f4 Downloading 7.34MB
 35b6b15c3457 Downloading 2.097MB
 b1b26ee3b6e3 Downloading 2.097MB
 080f77256071 Downloading 5.243MB
 6c9a88b46c71 Downloading 2.097MB
 27442454b736 Downloading 2.097MB
 07f40ee734f4 Downloading 7.34MB
 35b6b15c3457 Downloading 2.097MB
 b1b26ee3b6e3 Downloading 2.097MB
 080f77256071 Downloading 5.243MB
 27442454b736 Downloading 2.097MB
 07f40ee734f4 Downloading 7.34MB
 35b6b15c3457 Downloading 2.097MB
 b1b26ee3b6e3 Downloading 2.097MB
 080f77256071 Downloading 5.243MB
 6c9a88b46c71 Downloading 2.097MB
 080f77256071 Downloading 5.243MB
 6c9a88b46c71 Downloading 2.097MB
 27442454b736 Downloading 2.097MB
 07f40ee734f4 Downloading 7.34MB
 35b6b15c3457 Downloading 2.097MB
 b1b26ee3b6e3 Downloading 2.097MB
 080f77256071 Downloading 5.243MB
 6c9a88b46c71 Downloading 2.097MB
 27442454b736 Downloading 2.097MB
 07f40ee734f4 Downloading 7.34MB
 35b6b15c3457 Downloading 2.097MB
 b1b26ee3b6e3 Downloading 2.097MB
 35b6b15c3457 Downloading 2.097MB
 b1b26ee3b6e3 Downloading 2.097MB
 080f77256071 Downloading 5.243MB
 6c9a88b46c71 Downloading 2.097MB
 27442454b736 Downloading 2.097MB
 07f40ee734f4 Downloading 7.34MB
 6c9a88b46c71 Downloading 2.097MB
 27442454b736 Downloading 2.097MB
 07f40ee734f4 Downloading 7.34MB
 35b6b15c3457 Downloading 2.097MB
 b1b26ee3b6e3 Downloading 2.097MB
 080f77256071 Downloading 6.114MB
 07f40ee734f4 Downloading 8.389MB
 35b6b15c3457 Downloading 2.097MB
 b1b26ee3b6e3 Downloading 2.097MB
 080f77256071 Download complete 0B
 6c9a88b46c71 Downloading 2.097MB
 27442454b736 Downloading 2.097MB
 6c9a88b46c71 Downloading 2.097MB
 27442454b736 Downloading 3.146MB
 07f40ee734f4 Downloading 8.389MB
 35b6b15c3457 Downloading 3.146MB
 b1b26ee3b6e3 Downloading 2.097MB
 07f40ee734f4 Downloading 8.389MB
 35b6b15c3457 Downloading 3.146MB
 b1b26ee3b6e3 Downloading 2.097MB
 6c9a88b46c71 Downloading 2.097MB
 27442454b736 Downloading 3.146MB
 35b6b15c3457 Downloading 3.146MB
 b1b26ee3b6e3 Downloading 2.097MB
 6c9a88b46c71 Downloading 2.097MB
 27442454b736 Downloading 3.146MB
 07f40ee734f4 Downloading 8.389MB
 6c9a88b46c71 Downloading 2.097MB
 27442454b736 Downloading 3.146MB
 07f40ee734f4 Downloading 8.389MB
 35b6b15c3457 Downloading 3.146MB
 b1b26ee3b6e3 Downloading 2.097MB
 6c9a88b46c71 Downloading 2.097MB
 27442454b736 Downloading 3.146MB
 07f40ee734f4 Downloading 8.389MB
 35b6b15c3457 Downloading 3.146MB
 b1b26ee3b6e3 Downloading 2.097MB
 6c9a88b46c71 Downloading 2.097MB
 27442454b736 Downloading 3.146MB
 07f40ee734f4 Downloading 8.389MB
 35b6b15c3457 Downloading 3.146MB
 b1b26ee3b6e3 Downloading 2.097MB
 07f40ee734f4 Downloading 8.389MB
 35b6b15c3457 Downloading 3.146MB
 b1b26ee3b6e3 Downloading 2.097MB
 6c9a88b46c71 Downloading 2.097MB
 27442454b736 Downloading 3.146MB
 6c9a88b46c71 Downloading 3.146MB
 27442454b736 Downloading 3.146MB
 07f40ee734f4 Downloading 8.389MB
 35b6b15c3457 Downloading 3.146MB
 b1b26ee3b6e3 Downloading 2.097MB
 07f40ee734f4 Downloading 9.437MB
 35b6b15c3457 Downloading 3.146MB
 b1b26ee3b6e3 Downloading 2.097MB
 6c9a88b46c71 Downloading 3.146MB
 27442454b736 Downloading 3.146MB
 27442454b736 Downloading 3.146MB
 07f40ee734f4 Downloading 9.437MB
 35b6b15c3457 Downloading 3.146MB
 b1b26ee3b6e3 Downloading 2.097MB
 6c9a88b46c71 Downloading 3.146MB
 35b6b15c3457 Downloading 3.146MB
 b1b26ee3b6e3 Downloading 2.097MB
 6c9a88b46c71 Downloading 3.146MB
 27442454b736 Downloading 3.146MB
 07f40ee734f4 Downloading 9.437MB
 35b6b15c3457 Downloading 3.146MB
 b1b26ee3b6e3 Downloading 2.097MB
 6c9a88b46c71 Downloading 3.146MB
 27442454b736 Downloading 3.146MB
 07f40ee734f4 Downloading 9.437MB
 6c9a88b46c71 Downloading 3.146MB
 27442454b736 Downloading 3.146MB
 07f40ee734f4 Downloading 9.437MB
 35b6b15c3457 Downloading 3.146MB
 b1b26ee3b6e3 Downloading 2.097MB
 07f40ee734f4 Downloading 9.437MB
 35b6b15c3457 Downloading 3.146MB
 b1b26ee3b6e3 Downloading 2.097MB
 6c9a88b46c71 Downloading 3.146MB
 27442454b736 Downloading 3.146MB
 35b6b15c3457 Downloading 3.146MB
 b1b26ee3b6e3 Downloading 2.097MB
 6c9a88b46c71 Downloading 3.146MB
 27442454b736 Downloading 3.146MB
 07f40ee734f4 Downloading 9.437MB
 6c9a88b46c71 Downloading 3.146MB
 27442454b736 Downloading 3.146MB
 07f40ee734f4 Downloading 9.437MB
 35b6b15c3457 Downloading 3.146MB
 b1b26ee3b6e3 Downloading 2.097MB
 6c9a88b46c71 Downloading 3.146MB
 27442454b736 Downloading 3.146MB
 07f40ee734f4 Downloading 9.437MB
 35b6b15c3457 Downloading 3.146MB
 b1b26ee3b6e3 Downloading 2.097MB
 35b6b15c3457 Downloading 3.146MB
 b1b26ee3b6e3 Downloading 2.097MB
 6c9a88b46c71 Downloading 3.146MB
 27442454b736 Downloading 3.146MB
 07f40ee734f4 Downloading 9.437MB
 6c9a88b46c71 Downloading 3.146MB
 27442454b736 Downloading 3.146MB
 07f40ee734f4 Downloading 9.437MB
 35b6b15c3457 Downloading 3.146MB
 b1b26ee3b6e3 Downloading 3.146MB
 b1b26ee3b6e3 Downloading 3.146MB
 6c9a88b46c71 Downloading 3.146MB
 27442454b736 Downloading 3.146MB
 07f40ee734f4 Downloading 9.437MB
 35b6b15c3457 Downloading 3.146MB
 6c9a88b46c71 Downloading 3.146MB
 27442454b736 Downloading 4.194MB
 07f40ee734f4 Downloading 9.437MB
 35b6b15c3457 Downloading 3.146MB
 b1b26ee3b6e3 Downloading 3.146MB
 6c9a88b46c71 Downloading 3.146MB
 27442454b736 Downloading 4.194MB
 07f40ee734f4 Downloading 9.437MB
 35b6b15c3457 Downloading 3.146MB
 b1b26ee3b6e3 Downloading 3.146MB
 07f40ee734f4 Downloading 9.437MB
 35b6b15c3457 Downloading 3.146MB
 b1b26ee3b6e3 Downloading 3.146MB
 6c9a88b46c71 Downloading 3.146MB
 27442454b736 Downloading 4.194MB
 6c9a88b46c71 Downloading 3.146MB
 27442454b736 Downloading 4.194MB
 07f40ee734f4 Downloading 9.437MB
 35b6b15c3457 Downloading 3.146MB
 b1b26ee3b6e3 Downloading 3.146MB
 07f40ee734f4 Downloading 10.49MB
 35b6b15c3457 Downloading 3.146MB
 b1b26ee3b6e3 Downloading 3.146MB
 6c9a88b46c71 Downloading 3.146MB
 27442454b736 Downloading 4.194MB
 07f40ee734f4 Downloading 10.49MB
 35b6b15c3457 Downloading 4.194MB
 b1b26ee3b6e3 Downloading 3.146MB
 6c9a88b46c71 Downloading 3.146MB
 27442454b736 Downloading 4.194MB
 35b6b15c3457 Downloading 4.194MB
 b1b26ee3b6e3 Downloading 3.146MB
 6c9a88b46c71 Downloading 3.146MB
 27442454b736 Downloading 4.194MB
 07f40ee734f4 Downloading 10.49MB
 6c9a88b46c71 Downloading 3.146MB
 27442454b736 Downloading 4.194MB
 07f40ee734f4 Downloading 10.49MB
 35b6b15c3457 Downloading 4.194MB
 b1b26ee3b6e3 Downloading 3.146MB
 6c9a88b46c71 Downloading 3.146MB
 27442454b736 Downloading 4.194MB
 07f40ee734f4 Downloading 10.49MB
 35b6b15c3457 Downloading 4.194MB
 b1b26ee3b6e3 Downloading 3.146MB
 6c9a88b46c71 Downloading 3.146MB
 27442454b736 Downloading 4.194MB
 07f40ee734f4 Downloading 10.49MB
 35b6b15c3457 Downloading 4.194MB
 b1b26ee3b6e3 Downloading 3.146MB
 6c9a88b46c71 Downloading 3.146MB
 27442454b736 Downloading 4.194MB
 07f40ee734f4 Downloading 10.49MB
 35b6b15c3457 Downloading 4.194MB
 b1b26ee3b6e3 Downloading 3.146MB
 07f40ee734f4 Downloading 10.49MB
 35b6b15c3457 Downloading 4.194MB
 b1b26ee3b6e3 Downloading 3.146MB
 6c9a88b46c71 Downloading 3.146MB
 27442454b736 Downloading 4.194MB
 6c9a88b46c71 Downloading 3.146MB
 27442454b736 Downloading 4.194MB
 07f40ee734f4 Downloading 10.49MB
 35b6b15c3457 Downloading 4.194MB
 b1b26ee3b6e3 Downloading 3.146MB
 6c9a88b46c71 Downloading 3.146MB
 27442454b736 Downloading 4.194MB
 07f40ee734f4 Downloading 10.49MB
 35b6b15c3457 Downloading 4.194MB
 b1b26ee3b6e3 Downloading 3.146MB
 35b6b15c3457 Downloading 4.194MB
 b1b26ee3b6e3 Downloading 3.146MB
 6c9a88b46c71 Downloading 3.146MB
 27442454b736 Downloading 4.194MB
 07f40ee734f4 Downloading 10.49MB
 6c9a88b46c71 Download complete 0B
 27442454b736 Downloading 4.194MB
 07f40ee734f4 Downloading 10.49MB
 35b6b15c3457 Downloading 4.194MB
 b1b26ee3b6e3 Downloading 3.146MB
 27442454b736 Downloading 5.243MB
 07f40ee734f4 Downloading 11.53MB
 35b6b15c3457 Downloading 4.194MB
 b1b26ee3b6e3 Downloading 3.146MB
 27442454b736 Downloading 5.243MB
 07f40ee734f4 Downloading 11.53MB
 35b6b15c3457 Downloading 4.194MB
 b1b26ee3b6e3 Downloading 3.146MB
 27442454b736 Downloading 5.243MB
 07f40ee734f4 Downloading 11.53MB
 35b6b15c3457 Downloading 4.194MB
 b1b26ee3b6e3 Downloading 3.146MB
 35b6b15c3457 Downloading 4.194MB
 b1b26ee3b6e3 Downloading 3.146MB
 27442454b736 Downloading 5.243MB
 07f40ee734f4 Downloading 11.53MB
 07f40ee734f4 Downloading 11.53MB
 35b6b15c3457 Downloading 4.194MB
 b1b26ee3b6e3 Downloading 3.146MB
 27442454b736 Downloading 5.243MB
 07f40ee734f4 Downloading 11.53MB
 35b6b15c3457 Downloading 4.194MB
 b1b26ee3b6e3 Downloading 3.146MB
 27442454b736 Downloading 5.243MB
 27442454b736 Downloading 5.243MB
 07f40ee734f4 Downloading 11.53MB
 35b6b15c3457 Downloading 4.194MB
 b1b26ee3b6e3 Downloading 3.146MB
 07f40ee734f4 Downloading 11.53MB
 35b6b15c3457 Downloading 5.243MB
 b1b26ee3b6e3 Downloading 3.146MB
 27442454b736 Downloading 5.243MB
 27442454b736 Downloading 5.243MB
 07f40ee734f4 Downloading 11.53MB
 35b6b15c3457 Downloading 5.243MB
 b1b26ee3b6e3 Downloading 3.146MB
 07f40ee734f4 Downloading 11.53MB
 35b6b15c3457 Downloading 5.243MB
 b1b26ee3b6e3 Downloading 3.146MB
 27442454b736 Downloading 5.243MB
 27442454b736 Downloading 5.243MB
 07f40ee734f4 Downloading 11.53MB
 35b6b15c3457 Downloading 5.243MB
 b1b26ee3b6e3 Downloading 3.146MB
 27442454b736 Downloading 5.243MB
 07f40ee734f4 Downloading 11.53MB
 35b6b15c3457 Downloading 5.243MB
 b1b26ee3b6e3 Downloading 3.146MB
 27442454b736 Downloading 5.243MB
 07f40ee734f4 Downloading 12.58MB
 35b6b15c3457 Downloading 5.243MB
 b1b26ee3b6e3 Downloading 3.146MB
 27442454b736 Downloading 6.291MB
 07f40ee734f4 Downloading 12.58MB
 35b6b15c3457 Downloading 5.243MB
 b1b26ee3b6e3 Downloading 3.146MB
 27442454b736 Downloading 6.291MB
 35b6b15c3457 Downloading 5.243MB
 b1b26ee3b6e3 Downloading 3.146MB
 27442454b736 Downloading 6.291MB
 07f40ee734f4 Download complete 0B
 35b6b15c3457 Downloading 5.243MB
 b1b26ee3b6e3 Downloading 3.146MB
 27442454b736 Downloading 6.291MB
 35b6b15c3457 Downloading 5.243MB
 b1b26ee3b6e3 Downloading 3.146MB
 27442454b736 Downloading 6.291MB
 35b6b15c3457 Downloading 5.243MB
 b1b26ee3b6e3 Downloading 4.194MB
 27442454b736 Downloading 6.291MB
 35b6b15c3457 Downloading 5.243MB
 b1b26ee3b6e3 Downloading 4.194MB
 35b6b15c3457 Downloading 6.291MB
 b1b26ee3b6e3 Downloading 4.194MB
 27442454b736 Downloading 6.291MB
 27442454b736 Downloading 6.291MB
 35b6b15c3457 Downloading 6.291MB
 b1b26ee3b6e3 Downloading 4.194MB
 27442454b736 Downloading 6.291MB
 35b6b15c3457 Downloading 6.291MB
 b1b26ee3b6e3 Downloading 4.194MB
 35b6b15c3457 Downloading 6.291MB
 b1b26ee3b6e3 Downloading 4.194MB
 27442454b736 Downloading 7.34MB
 35b6b15c3457 Downloading 6.291MB
 b1b26ee3b6e3 Downloading 4.194MB
 27442454b736 Downloading 7.34MB
 27442454b736 Downloading 7.34MB
 35b6b15c3457 Downloading 6.291MB
 b1b26ee3b6e3 Downloading 4.194MB
 35b6b15c3457 Downloading 6.291MB
 b1b26ee3b6e3 Downloading 4.194MB
 27442454b736 Downloading 7.34MB
 27442454b736 Downloading 7.34MB
 35b6b15c3457 Downloading 6.291MB
 b1b26ee3b6e3 Downloading 4.194MB
 35b6b15c3457 Downloading 6.291MB
 b1b26ee3b6e3 Downloading 4.194MB
 27442454b736 Downloading 7.34MB
 35b6b15c3457 Downloading 7.34MB
 b1b26ee3b6e3 Downloading 4.194MB
 27442454b736 Downloading 8.389MB
 27442454b736 Downloading 8.389MB
 35b6b15c3457 Downloading 7.34MB
 b1b26ee3b6e3 Downloading 4.194MB
 27442454b736 Downloading 8.389MB
 35b6b15c3457 Downloading 7.34MB
 b1b26ee3b6e3 Downloading 4.194MB
 27442454b736 Downloading 8.389MB
 35b6b15c3457 Downloading 7.34MB
 b1b26ee3b6e3 Downloading 4.194MB
 27442454b736 Downloading 8.389MB
 35b6b15c3457 Downloading 7.34MB
 b1b26ee3b6e3 Downloading 4.194MB
 35b6b15c3457 Downloading 7.34MB
 b1b26ee3b6e3 Downloading 4.194MB
 27442454b736 Downloading 8.389MB
 27442454b736 Downloading 9.437MB
 35b6b15c3457 Downloading 7.34MB
 b1b26ee3b6e3 Downloading 4.194MB
 27442454b736 Downloading 9.437MB
 35b6b15c3457 Downloading 7.34MB
 b1b26ee3b6e3 Downloading 4.194MB
 27442454b736 Downloading 9.437MB
 35b6b15c3457 Downloading 8.389MB
 b1b26ee3b6e3 Downloading 4.194MB
 27442454b736 Downloading 9.437MB
 35b6b15c3457 Downloading 8.389MB
 b1b26ee3b6e3 Downloading 4.194MB
 27442454b736 Downloading 9.437MB
 35b6b15c3457 Downloading 8.389MB
 b1b26ee3b6e3 Downloading 4.194MB
 27442454b736 Downloading 9.437MB
 35b6b15c3457 Downloading 8.389MB
 b1b26ee3b6e3 Downloading 4.194MB
 35b6b15c3457 Downloading 8.389MB
 b1b26ee3b6e3 Downloading 4.194MB
 27442454b736 Downloading 9.437MB
 35b6b15c3457 Downloading 8.389MB
 b1b26ee3b6e3 Downloading 4.194MB
 27442454b736 Downloading 9.437MB
 27442454b736 Downloading 10.49MB
 35b6b15c3457 Downloading 8.389MB
 b1b26ee3b6e3 Downloading 4.194MB
 35b6b15c3457 Downloading 8.389MB
 b1b26ee3b6e3 Downloading 4.194MB
 27442454b736 Downloading 10.49MB
 35b6b15c3457 Downloading 8.389MB
 b1b26ee3b6e3 Downloading 4.194MB
 27442454b736 Downloading 10.49MB
 27442454b736 Downloading 10.49MB
 35b6b15c3457 Downloading 8.389MB
 b1b26ee3b6e3 Downloading 5.243MB
 27442454b736 Downloading 10.49MB
 35b6b15c3457 Downloading 8.389MB
 b1b26ee3b6e3 Downloading 5.243MB
 27442454b736 Downloading 10.49MB
 35b6b15c3457 Downloading 8.389MB
 b1b26ee3b6e3 Downloading 5.243MB
 27442454b736 Downloading 10.49MB
 35b6b15c3457 Downloading 9.437MB
 b1b26ee3b6e3 Downloading 5.243MB
 27442454b736 Downloading 11.53MB
 35b6b15c3457 Downloading 9.437MB
 b1b26ee3b6e3 Downloading 5.243MB
 35b6b15c3457 Downloading 9.437MB
 b1b26ee3b6e3 Downloading 5.243MB
 27442454b736 Download complete 0B
 35b6b15c3457 Downloading 9.437MB
 b1b26ee3b6e3 Downloading 5.243MB
 35b6b15c3457 Downloading 10.49MB
 b1b26ee3b6e3 Downloading 5.243MB
 35b6b15c3457 Downloading 10.49MB
 b1b26ee3b6e3 Downloading 5.243MB
 35b6b15c3457 Downloading 10.49MB
 b1b26ee3b6e3 Downloading 5.243MB
 35b6b15c3457 Downloading 10.49MB
 b1b26ee3b6e3 Downloading 5.243MB
 35b6b15c3457 Downloading 10.49MB
 b1b26ee3b6e3 Downloading 5.243MB
 35b6b15c3457 Downloading 10.49MB
 b1b26ee3b6e3 Downloading 5.243MB
 35b6b15c3457 Downloading 11.53MB
 b1b26ee3b6e3 Downloading 5.243MB
 35b6b15c3457 Downloading 11.53MB
 b1b26ee3b6e3 Downloading 5.243MB
 35b6b15c3457 Downloading 11.53MB
 b1b26ee3b6e3 Downloading 5.243MB
 35b6b15c3457 Downloading 11.53MB
 b1b26ee3b6e3 Downloading 5.243MB
 35b6b15c3457 Downloading 11.53MB
 b1b26ee3b6e3 Downloading 5.243MB
 35b6b15c3457 Downloading 11.53MB
 b1b26ee3b6e3 Downloading 5.243MB
 35b6b15c3457 Downloading 11.53MB
 b1b26ee3b6e3 Downloading 6.291MB
 35b6b15c3457 Downloading 11.53MB
 b1b26ee3b6e3 Downloading 6.291MB
 35b6b15c3457 Downloading 12.58MB
 b1b26ee3b6e3 Downloading 6.291MB
 35b6b15c3457 Downloading 12.58MB
 b1b26ee3b6e3 Downloading 6.291MB
 35b6b15c3457 Downloading 12.58MB
 b1b26ee3b6e3 Downloading 6.291MB
 35b6b15c3457 Downloading 12.58MB
 b1b26ee3b6e3 Downloading 6.291MB
 35b6b15c3457 Downloading 13.63MB
 b1b26ee3b6e3 Downloading 6.291MB
 35b6b15c3457 Downloading 13.63MB
 b1b26ee3b6e3 Downloading 6.291MB
 35b6b15c3457 Downloading 13.63MB
 b1b26ee3b6e3 Downloading 6.291MB
 35b6b15c3457 Downloading 13.63MB
 b1b26ee3b6e3 Downloading 6.291MB
 35b6b15c3457 Downloading 13.63MB
 b1b26ee3b6e3 Downloading 6.291MB
 b1b26ee3b6e3 Downloading 6.291MB
 35b6b15c3457 Downloading 13.63MB
 35b6b15c3457 Downloading 13.63MB
 b1b26ee3b6e3 Downloading 6.291MB
 35b6b15c3457 Downloading 14.68MB
 b1b26ee3b6e3 Downloading 7.34MB
 35b6b15c3457 Downloading 14.68MB
 b1b26ee3b6e3 Downloading 7.34MB
 35b6b15c3457 Downloading 14.68MB
 b1b26ee3b6e3 Downloading 7.34MB
 35b6b15c3457 Downloading 14.68MB
 b1b26ee3b6e3 Downloading 7.34MB
 35b6b15c3457 Downloading 15.73MB
 b1b26ee3b6e3 Downloading 7.34MB
 35b6b15c3457 Downloading 15.73MB
 b1b26ee3b6e3 Downloading 7.34MB
 35b6b15c3457 Downloading 15.73MB
 b1b26ee3b6e3 Downloading 7.34MB
 35b6b15c3457 Downloading 15.73MB
 b1b26ee3b6e3 Downloading 7.34MB
 35b6b15c3457 Downloading 15.73MB
 b1b26ee3b6e3 Downloading 7.34MB
 35b6b15c3457 Downloading 15.73MB
 b1b26ee3b6e3 Downloading 7.34MB
 35b6b15c3457 Downloading 16.78MB
 b1b26ee3b6e3 Downloading 7.34MB
 35b6b15c3457 Downloading 16.78MB
 b1b26ee3b6e3 Downloading 7.34MB
 35b6b15c3457 Downloading 16.78MB
 b1b26ee3b6e3 Downloading 8.389MB
 35b6b15c3457 Downloading 16.78MB
 b1b26ee3b6e3 Downloading 8.389MB
 b1b26ee3b6e3 Downloading 8.389MB
 35b6b15c3457 Downloading 17.44MB
 35b6b15c3457 Downloading 17.83MB
 b1b26ee3b6e3 Downloading 8.389MB
 35b6b15c3457 Downloading 17.83MB
 b1b26ee3b6e3 Downloading 8.389MB
 35b6b15c3457 Downloading 17.83MB
 b1b26ee3b6e3 Downloading 8.389MB
 35b6b15c3457 Downloading 17.83MB
 b1b26ee3b6e3 Downloading 8.389MB
 35b6b15c3457 Downloading 17.83MB
 b1b26ee3b6e3 Downloading 8.389MB
 35b6b15c3457 Downloading 17.83MB
 b1b26ee3b6e3 Downloading 8.389MB
 35b6b15c3457 Downloading 18.87MB
 b1b26ee3b6e3 Downloading 8.389MB
 35b6b15c3457 Downloading 18.87MB
 b1b26ee3b6e3 Downloading 8.389MB
 35b6b15c3457 Downloading 18.87MB
 b1b26ee3b6e3 Downloading 8.389MB
 35b6b15c3457 Downloading 18.87MB
 b1b26ee3b6e3 Downloading 8.389MB
 35b6b15c3457 Downloading 19.92MB
 b1b26ee3b6e3 Downloading 9.437MB
 35b6b15c3457 Downloading 19.92MB
 b1b26ee3b6e3 Downloading 9.437MB
 35b6b15c3457 Downloading 19.92MB
 b1b26ee3b6e3 Downloading 9.437MB
 35b6b15c3457 Downloading 19.92MB
 b1b26ee3b6e3 Downloading 9.437MB
 35b6b15c3457 Downloading 19.92MB
 b1b26ee3b6e3 Downloading 9.437MB
 35b6b15c3457 Downloading 20.97MB
 b1b26ee3b6e3 Downloading 9.437MB
 35b6b15c3457 Downloading 20.97MB
 b1b26ee3b6e3 Downloading 9.437MB
 35b6b15c3457 Downloading 20.97MB
 b1b26ee3b6e3 Downloading 9.437MB
 35b6b15c3457 Downloading 20.97MB
 b1b26ee3b6e3 Downloading 9.437MB
 35b6b15c3457 Downloading 22.02MB
 b1b26ee3b6e3 Downloading 9.437MB
 35b6b15c3457 Downloading 22.02MB
 b1b26ee3b6e3 Downloading 9.437MB
 35b6b15c3457 Downloading 22.02MB
 b1b26ee3b6e3 Downloading 9.437MB
 35b6b15c3457 Downloading 22.02MB
 b1b26ee3b6e3 Downloading 9.437MB
 35b6b15c3457 Downloading 22.02MB
 b1b26ee3b6e3 Downloading 10.49MB
 35b6b15c3457 Downloading 23.07MB
 b1b26ee3b6e3 Downloading 10.49MB
 35b6b15c3457 Downloading 23.07MB
 b1b26ee3b6e3 Downloading 10.49MB
 35b6b15c3457 Downloading 23.07MB
 b1b26ee3b6e3 Downloading 10.49MB
 35b6b15c3457 Downloading 23.07MB
 b1b26ee3b6e3 Downloading 10.49MB
 35b6b15c3457 Downloading 24.12MB
 b1b26ee3b6e3 Downloading 10.49MB
 35b6b15c3457 Downloading 24.12MB
 b1b26ee3b6e3 Downloading 10.49MB
 35b6b15c3457 Downloading 24.12MB
 b1b26ee3b6e3 Downloading 10.49MB
 35b6b15c3457 Downloading 24.12MB
 b1b26ee3b6e3 Downloading 10.49MB
 35b6b15c3457 Downloading 24.12MB
 b1b26ee3b6e3 Downloading 10.49MB
 35b6b15c3457 Downloading 25.17MB
 b1b26ee3b6e3 Downloading 10.49MB
 35b6b15c3457 Downloading 25.17MB
 b1b26ee3b6e3 Downloading 11.53MB
 35b6b15c3457 Downloading 25.17MB
 b1b26ee3b6e3 Downloading 11.53MB
 35b6b15c3457 Downloading 25.17MB
 b1b26ee3b6e3 Downloading 11.53MB
 35b6b15c3457 Downloading 26.21MB
 b1b26ee3b6e3 Downloading 11.53MB
 35b6b15c3457 Downloading 26.21MB
 b1b26ee3b6e3 Downloading 11.53MB
 35b6b15c3457 Downloading 26.21MB
 b1b26ee3b6e3 Downloading 11.53MB
 35b6b15c3457 Downloading 26.21MB
 b1b26ee3b6e3 Downloading 11.53MB
 35b6b15c3457 Downloading 26.21MB
 b1b26ee3b6e3 Downloading 11.53MB
 35b6b15c3457 Downloading 27.26MB
 b1b26ee3b6e3 Downloading 11.53MB
 35b6b15c3457 Downloading 27.26MB
 b1b26ee3b6e3 Downloading 11.53MB
 35b6b15c3457 Downloading 27.26MB
 b1b26ee3b6e3 Downloading 11.53MB
 35b6b15c3457 Downloading 27.26MB
 b1b26ee3b6e3 Downloading 11.53MB
 35b6b15c3457 Downloading 27.26MB
 b1b26ee3b6e3 Downloading 11.53MB
 35b6b15c3457 Downloading 28.31MB
 b1b26ee3b6e3 Downloading 12.58MB
 35b6b15c3457 Downloading 28.31MB
 b1b26ee3b6e3 Downloading 12.58MB
 35b6b15c3457 Downloading 28.31MB
 b1b26ee3b6e3 Downloading 12.58MB
 35b6b15c3457 Downloading 28.31MB
 b1b26ee3b6e3 Downloading 12.58MB
 35b6b15c3457 Downloading 28.31MB
 b1b26ee3b6e3 Downloading 12.58MB
 35b6b15c3457 Downloading 28.31MB
 b1b26ee3b6e3 Downloading 12.58MB
 35b6b15c3457 Downloading 28.31MB
 b1b26ee3b6e3 Downloading 12.58MB
 35b6b15c3457 Downloading 29.36MB
 b1b26ee3b6e3 Downloading 12.58MB
 35b6b15c3457 Downloading 29.36MB
 b1b26ee3b6e3 Downloading 12.58MB
 35b6b15c3457 Downloading 29.36MB
 b1b26ee3b6e3 Downloading 12.58MB
 35b6b15c3457 Downloading 29.36MB
 b1b26ee3b6e3 Downloading 12.58MB
 35b6b15c3457 Downloading 29.36MB
 b1b26ee3b6e3 Downloading 12.58MB
 35b6b15c3457 Downloading 29.36MB
 b1b26ee3b6e3 Downloading 12.58MB
 35b6b15c3457 Downloading 29.36MB
 b1b26ee3b6e3 Downloading 14.09MB
 35b6b15c3457 Downloading 30.41MB
 35b6b15c3457 Downloading 30.41MB
 b1b26ee3b6e3 Download complete 0B
 35b6b15c3457 Downloading 30.41MB
 35b6b15c3457 Downloading 30.41MB
 35b6b15c3457 Downloading 31.46MB
 35b6b15c3457 Downloading 31.46MB
 35b6b15c3457 Downloading 31.46MB
 35b6b15c3457 Downloading 31.46MB
 35b6b15c3457 Downloading 31.46MB
 35b6b15c3457 Downloading 32.51MB
 35b6b15c3457 Downloading 32.51MB
 35b6b15c3457 Downloading 32.51MB
 35b6b15c3457 Downloading 33.55MB
 35b6b15c3457 Downloading 33.55MB
 35b6b15c3457 Downloading 33.55MB
 35b6b15c3457 Downloading 34.6MB
 35b6b15c3457 Downloading 34.6MB
 35b6b15c3457 Downloading 34.6MB
 35b6b15c3457 Downloading 34.6MB
 35b6b15c3457 Downloading 35.65MB
 35b6b15c3457 Downloading 35.65MB
 35b6b15c3457 Downloading 35.65MB
 35b6b15c3457 Downloading 36.7MB
 35b6b15c3457 Downloading 36.7MB
 35b6b15c3457 Downloading 36.7MB
 35b6b15c3457 Downloading 36.7MB
 35b6b15c3457 Downloading 36.7MB
 35b6b15c3457 Downloading 36.7MB
 35b6b15c3457 Downloading 37.75MB
 35b6b15c3457 Downloading 37.75MB
 35b6b15c3457 Downloading 37.75MB
 35b6b15c3457 Downloading 37.75MB
 35b6b15c3457 Downloading 37.75MB
 35b6b15c3457 Downloading 38.8MB
 35b6b15c3457 Downloading 38.8MB
 35b6b15c3457 Downloading 38.8MB
 35b6b15c3457 Downloading 39.85MB
 35b6b15c3457 Downloading 39.85MB
 35b6b15c3457 Downloading 39.85MB
 35b6b15c3457 Downloading 39.85MB
 35b6b15c3457 Downloading 40.89MB
 35b6b15c3457 Downloading 40.89MB
 35b6b15c3457 Downloading 40.89MB
 35b6b15c3457 Downloading 41.94MB
 35b6b15c3457 Downloading 41.94MB
 35b6b15c3457 Downloading 41.94MB
 35b6b15c3457 Downloading 42.99MB
 35b6b15c3457 Downloading 42.99MB
 35b6b15c3457 Downloading 44.04MB
 35b6b15c3457 Downloading 44.04MB
 35b6b15c3457 Downloading 44.04MB
 35b6b15c3457 Downloading 45.09MB
 35b6b15c3457 Downloading 45.09MB
 35b6b15c3457 Downloading 45.09MB
 35b6b15c3457 Downloading 46.14MB
 35b6b15c3457 Downloading 46.14MB
 35b6b15c3457 Downloading 46.14MB
 35b6b15c3457 Downloading 47.19MB
 35b6b15c3457 Downloading 47.19MB
 35b6b15c3457 Downloading 47.19MB
 35b6b15c3457 Downloading 47.19MB
 35b6b15c3457 Downloading 48.23MB
 35b6b15c3457 Downloading 48.23MB
 35b6b15c3457 Downloading 48.23MB
 35b6b15c3457 Downloading 49.28MB
 35b6b15c3457 Downloading 49.28MB
 35b6b15c3457 Downloading 49.28MB
 35b6b15c3457 Downloading 50.33MB
 35b6b15c3457 Downloading 50.33MB
 35b6b15c3457 Downloading 50.33MB
 35b6b15c3457 Downloading 51.38MB
 35b6b15c3457 Downloading 51.38MB
 35b6b15c3457 Downloading 51.38MB
 35b6b15c3457 Downloading 51.38MB
 35b6b15c3457 Downloading 52.43MB
 35b6b15c3457 Downloading 52.43MB
 35b6b15c3457 Downloading 53.48MB
 35b6b15c3457 Downloading 53.48MB
 35b6b15c3457 Downloading 53.48MB
 35b6b15c3457 Downloading 54.53MB
 35b6b15c3457 Downloading 54.53MB
 35b6b15c3457 Downloading 54.53MB
 35b6b15c3457 Downloading 55.57MB
 35b6b15c3457 Downloading 55.57MB
 35b6b15c3457 Downloading 55.57MB
 35b6b15c3457 Downloading 56.62MB
 35b6b15c3457 Downloading 56.62MB
 35b6b15c3457 Downloading 56.62MB
 35b6b15c3457 Downloading 56.62MB
 35b6b15c3457 Downloading 57.67MB
 35b6b15c3457 Downloading 57.67MB
 35b6b15c3457 Downloading 57.67MB
 35b6b15c3457 Downloading 57.67MB
 35b6b15c3457 Downloading 57.67MB
 35b6b15c3457 Downloading 58.72MB
 35b6b15c3457 Downloading 59.77MB
 35b6b15c3457 Downloading 59.77MB
 35b6b15c3457 Downloading 59.77MB
 35b6b15c3457 Downloading 60.82MB
 35b6b15c3457 Downloading 60.82MB
 35b6b15c3457 Downloading 60.82MB
 35b6b15c3457 Downloading 61.87MB
 35b6b15c3457 Downloading 61.87MB
 35b6b15c3457 Downloading 61.87MB
 35b6b15c3457 Downloading 61.87MB
 35b6b15c3457 Downloading 61.87MB
 35b6b15c3457 Downloading 62.91MB
 35b6b15c3457 Downloading 62.91MB
 35b6b15c3457 Downloading 62.91MB
 35b6b15c3457 Downloading 62.91MB
 35b6b15c3457 Downloading 63.96MB
 35b6b15c3457 Downloading 63.96MB
 35b6b15c3457 Downloading 65.01MB
 35b6b15c3457 Downloading 65.01MB
 35b6b15c3457 Downloading 65.01MB
 35b6b15c3457 Downloading 66.06MB
 35b6b15c3457 Downloading 66.06MB
 35b6b15c3457 Downloading 66.06MB
 35b6b15c3457 Downloading 67.11MB
 35b6b15c3457 Downloading 67.11MB
 35b6b15c3457 Downloading 67.11MB
 35b6b15c3457 Downloading 68.16MB
 35b6b15c3457 Downloading 68.16MB
 35b6b15c3457 Downloading 68.16MB
 35b6b15c3457 Downloading 68.16MB
 35b6b15c3457 Downloading 68.16MB
 35b6b15c3457 Downloading 68.16MB
 35b6b15c3457 Downloading 68.16MB
 35b6b15c3457 Downloading 69.21MB
 35b6b15c3457 Downloading 69.21MB
 35b6b15c3457 Downloading 69.21MB
 35b6b15c3457 Downloading 70.25MB
 35b6b15c3457 Downloading 70.25MB
 35b6b15c3457 Downloading 70.25MB
 35b6b15c3457 Downloading 70.25MB
 35b6b15c3457 Downloading 71.3MB
 35b6b15c3457 Downloading 71.3MB
 35b6b15c3457 Downloading 71.3MB
 35b6b15c3457 Downloading 72.35MB
 35b6b15c3457 Downloading 72.35MB
 35b6b15c3457 Downloading 72.35MB
 35b6b15c3457 Downloading 72.35MB
 35b6b15c3457 Downloading 73.4MB
 35b6b15c3457 Downloading 73.4MB
 35b6b15c3457 Downloading 73.4MB
 35b6b15c3457 Downloading 74.45MB
 35b6b15c3457 Downloading 74.45MB
 35b6b15c3457 Downloading 74.45MB
 35b6b15c3457 Downloading 74.45MB
 35b6b15c3457 Downloading 75.5MB
 35b6b15c3457 Downloading 75.5MB
 35b6b15c3457 Downloading 75.5MB
 35b6b15c3457 Downloading 75.5MB
 35b6b15c3457 Downloading 76.55MB
 35b6b15c3457 Downloading 76.55MB
 35b6b15c3457 Downloading 76.55MB
 35b6b15c3457 Downloading 76.55MB
 35b6b15c3457 Downloading 77.59MB
 35b6b15c3457 Downloading 77.59MB
 35b6b15c3457 Downloading 77.59MB
 35b6b15c3457 Downloading 78.64MB
 35b6b15c3457 Downloading 78.64MB
 35b6b15c3457 Downloading 78.64MB
 35b6b15c3457 Downloading 78.64MB
 35b6b15c3457 Downloading 78.64MB
 35b6b15c3457 Downloading 78.64MB
 35b6b15c3457 Downloading 79.69MB
 35b6b15c3457 Downloading 79.69MB
 35b6b15c3457 Downloading 80.74MB
 35b6b15c3457 Downloading 80.74MB
 35b6b15c3457 Downloading 80.74MB
 35b6b15c3457 Downloading 81.79MB
 35b6b15c3457 Downloading 81.79MB
 35b6b15c3457 Downloading 81.79MB
 35b6b15c3457 Downloading 81.79MB
 35b6b15c3457 Downloading 82.84MB
 35b6b15c3457 Downloading 82.84MB
 35b6b15c3457 Downloading 82.84MB
 35b6b15c3457 Downloading 83.89MB
 35b6b15c3457 Downloading 83.89MB
 35b6b15c3457 Downloading 83.89MB
 35b6b15c3457 Downloading 84.93MB
 35b6b15c3457 Downloading 84.93MB
 35b6b15c3457 Downloading 84.93MB
 35b6b15c3457 Downloading 84.93MB
 35b6b15c3457 Downloading 85.98MB
 35b6b15c3457 Downloading 85.98MB
 35b6b15c3457 Downloading 85.98MB
 35b6b15c3457 Downloading 85.98MB
 35b6b15c3457 Downloading 87.03MB
 35b6b15c3457 Downloading 87.03MB
 35b6b15c3457 Downloading 87.03MB
 35b6b15c3457 Downloading 88.08MB
 35b6b15c3457 Downloading 88.08MB
 35b6b15c3457 Downloading 88.08MB
 35b6b15c3457 Downloading 88.08MB
 35b6b15c3457 Downloading 88.08MB
 35b6b15c3457 Downloading 88.08MB
 35b6b15c3457 Downloading 89.13MB
 35b6b15c3457 Downloading 89.13MB
 35b6b15c3457 Downloading 89.13MB
 35b6b15c3457 Downloading 89.13MB
 35b6b15c3457 Downloading 89.13MB
 35b6b15c3457 Downloading 89.13MB
 35b6b15c3457 Downloading 90.18MB
 35b6b15c3457 Downloading 90.18MB
 35b6b15c3457 Downloading 90.18MB
 35b6b15c3457 Downloading 90.18MB
 35b6b15c3457 Downloading 90.18MB
 35b6b15c3457 Downloading 90.18MB
 35b6b15c3457 Downloading 90.18MB
 35b6b15c3457 Downloading 91.23MB
 35b6b15c3457 Downloading 91.23MB
 35b6b15c3457 Downloading 91.23MB
 35b6b15c3457 Downloading 91.23MB
 35b6b15c3457 Downloading 92.27MB
 35b6b15c3457 Downloading 92.27MB
 35b6b15c3457 Downloading 92.27MB
 35b6b15c3457 Downloading 92.27MB
 35b6b15c3457 Downloading 92.27MB
 35b6b15c3457 Downloading 92.27MB
 35b6b15c3457 Downloading 93.32MB
 35b6b15c3457 Downloading 93.32MB
 35b6b15c3457 Downloading 93.32MB
 35b6b15c3457 Downloading 93.32MB
 35b6b15c3457 Downloading 93.32MB
 35b6b15c3457 Downloading 93.32MB
 35b6b15c3457 Downloading 93.32MB
 35b6b15c3457 Downloading 94.37MB
 35b6b15c3457 Downloading 94.37MB
 35b6b15c3457 Downloading 94.37MB
 35b6b15c3457 Downloading 94.37MB
 35b6b15c3457 Downloading 94.37MB
 35b6b15c3457 Downloading 94.37MB
 35b6b15c3457 Downloading 95.42MB
 35b6b15c3457 Downloading 95.42MB
 35b6b15c3457 Downloading 95.42MB
 35b6b15c3457 Downloading 95.42MB
 35b6b15c3457 Downloading 96.47MB
 35b6b15c3457 Downloading 96.47MB
 35b6b15c3457 Downloading 96.47MB
 35b6b15c3457 Downloading 96.47MB
 35b6b15c3457 Downloading 97.52MB
 35b6b15c3457 Downloading 97.52MB
 35b6b15c3457 Downloading 97.52MB
 35b6b15c3457 Downloading 97.52MB
 35b6b15c3457 Downloading 97.52MB
 35b6b15c3457 Downloading 97.52MB
 35b6b15c3457 Downloading 98.57MB
 35b6b15c3457 Downloading 98.57MB
 35b6b15c3457 Downloading 98.57MB
 35b6b15c3457 Downloading 98.57MB
 35b6b15c3457 Downloading 99.61MB
 35b6b15c3457 Downloading 99.61MB
 35b6b15c3457 Downloading 99.61MB
 35b6b15c3457 Downloading 99.61MB
 35b6b15c3457 Downloading 100.7MB
 35b6b15c3457 Downloading 100.7MB
 35b6b15c3457 Downloading 100.7MB
 35b6b15c3457 Downloading 100.7MB
 35b6b15c3457 Downloading 101.7MB
 35b6b15c3457 Downloading 101.7MB
 35b6b15c3457 Downloading 101.7MB
 35b6b15c3457 Downloading 101.7MB
 35b6b15c3457 Downloading 102.8MB
 35b6b15c3457 Downloading 102.8MB
 35b6b15c3457 Downloading 102.8MB
 35b6b15c3457 Downloading 102.8MB
 35b6b15c3457 Downloading 103.8MB
 35b6b15c3457 Downloading 103.8MB
 35b6b15c3457 Downloading 103.8MB
 35b6b15c3457 Downloading 103.8MB
 35b6b15c3457 Downloading 104.9MB
 35b6b15c3457 Downloading 104.9MB
 35b6b15c3457 Downloading 104.9MB
 35b6b15c3457 Downloading 104.9MB
 35b6b15c3457 Downloading 105.9MB
 35b6b15c3457 Downloading 105.9MB
 35b6b15c3457 Downloading 105.9MB
 35b6b15c3457 Downloading 105.9MB
 35b6b15c3457 Downloading 107MB
 35b6b15c3457 Downloading 107MB
 35b6b15c3457 Downloading 107MB
 35b6b15c3457 Downloading 107MB
 35b6b15c3457 Downloading 108MB
 35b6b15c3457 Downloading 108MB
 35b6b15c3457 Downloading 108MB
 35b6b15c3457 Downloading 108MB
 35b6b15c3457 Downloading 108MB
 35b6b15c3457 Downloading 109.1MB
 35b6b15c3457 Downloading 109.1MB
 35b6b15c3457 Downloading 109.1MB
 35b6b15c3457 Downloading 109.1MB
 35b6b15c3457 Downloading 110.1MB
 35b6b15c3457 Downloading 110.1MB
 35b6b15c3457 Downloading 110.1MB
 35b6b15c3457 Downloading 110.1MB
 35b6b15c3457 Downloading 110.1MB
 35b6b15c3457 Downloading 111.1MB
 35b6b15c3457 Downloading 111.1MB
 35b6b15c3457 Downloading 111.1MB
 35b6b15c3457 Downloading 112.2MB
 35b6b15c3457 Downloading 112.2MB
 35b6b15c3457 Downloading 112.2MB
 35b6b15c3457 Downloading 112.2MB
 35b6b15c3457 Downloading 112.2MB
 35b6b15c3457 Downloading 113.2MB
 35b6b15c3457 Downloading 113.2MB
 35b6b15c3457 Downloading 113.2MB
 35b6b15c3457 Downloading 113.2MB
 35b6b15c3457 Downloading 114.3MB
 35b6b15c3457 Downloading 114.3MB
 35b6b15c3457 Downloading 114.3MB
 35b6b15c3457 Downloading 114.3MB
 35b6b15c3457 Downloading 115.3MB
 35b6b15c3457 Downloading 115.3MB
 35b6b15c3457 Downloading 115.3MB
 35b6b15c3457 Downloading 115.3MB
 35b6b15c3457 Downloading 115.3MB
 35b6b15c3457 Downloading 116.4MB
 35b6b15c3457 Downloading 116.4MB
 35b6b15c3457 Downloading 116.4MB
 35b6b15c3457 Downloading 116.4MB
 35b6b15c3457 Downloading 116.4MB
 35b6b15c3457 Downloading 117.4MB
 35b6b15c3457 Downloading 117.4MB
 35b6b15c3457 Downloading 117.8MB
 35b6b15c3457 Downloading 117.8MB
 35b6b15c3457 Download complete 0B
 35b6b15c3457 Extracting 1B
 35b6b15c3457 Extracting 1B
 35b6b15c3457 Extracting 1B
 35b6b15c3457 Extracting 1B
 35b6b15c3457 Extracting 1B
 35b6b15c3457 Extracting 1B
 35b6b15c3457 Extracting 1B
 35b6b15c3457 Extracting 1B
 35b6b15c3457 Extracting 1B
 35b6b15c3457 Extracting 1B
 35b6b15c3457 Extracting 2B
 35b6b15c3457 Extracting 2B
 35b6b15c3457 Extracting 2B
 35b6b15c3457 Extracting 2B
 35b6b15c3457 Extracting 2B
 35b6b15c3457 Extracting 2B
 35b6b15c3457 Extracting 2B
 35b6b15c3457 Extracting 2B
 35b6b15c3457 Extracting 2B
 35b6b15c3457 Extracting 2B
 35b6b15c3457 Extracting 2B
 35b6b15c3457 Extracting 3B
 35b6b15c3457 Extracting 3B
 35b6b15c3457 Extracting 3B
 35b6b15c3457 Extracting 3B
 35b6b15c3457 Extracting 3B
 35b6b15c3457 Extracting 3B
 35b6b15c3457 Extracting 3B
 35b6b15c3457 Extracting 3B
 35b6b15c3457 Extracting 3B
 35b6b15c3457 Extracting 4B
 35b6b15c3457 Extracting 4B
 35b6b15c3457 Pull complete 0B
 70e74fa77754 Pull complete 0B
 6c9a88b46c71 Extracting 1B
 6c9a88b46c71 Pull complete 0B
 effb68688d83 Pull complete 0B
 b2dd0a7d6055 Pull complete 0B
 07f40ee734f4 Extracting 1B
 07f40ee734f4 Pull complete 0B
 23f1b0890dbe Pull complete 0B
 27442454b736 Extracting 1B
 27442454b736 Extracting 1B
 27442454b736 Extracting 1B
 27442454b736 Extracting 1B
 27442454b736 Pull complete 0B
 6f532b20dce6 Pull complete 0B
 1f6480a7139c Pull complete 0B
 7197481443d5 Extracting 1B
 7197481443d5 Pull complete 0B
 4f4fb700ef54 Pull complete 0B
 735e906fddd9 Pull complete 0B
 080f77256071 Extracting 1B
 0a0ca10e9c2e Pull complete 0B
 080f77256071 Pull complete 0B
 b1b26ee3b6e3 Extracting 1B
 b1b26ee3b6e3 Extracting 1B
 b1b26ee3b6e3 Extracting 1B
 b1b26ee3b6e3 Extracting 1B
 b1b26ee3b6e3 Extracting 1B
 b1b26ee3b6e3 Extracting 1B
 b1b26ee3b6e3 Extracting 1B
 b1b26ee3b6e3 Extracting 1B
 b1b26ee3b6e3 Extracting 1B
 b1b26ee3b6e3 Extracting 1B
 b1b26ee3b6e3 Pull complete 0B
 02f4f9a4519a Pull complete 0B
 cf1171b9e819 Pull complete 0B
 3d83a38811d0 Pull complete 0B
 Image phpmyadmin:latest Pulled 
 Image itverse-web Building 
#1 [internal] load local bake definitions
#1 reading from stdin 509B done
#1 DONE 0.0s

#2 [internal] load build definition from Dockerfile
#2 transferring dockerfile:
#2 transferring dockerfile: 147B done
#2 DONE 0.1s

#3 [internal] load metadata for docker.io/library/php:8.2-apache
#3 ...

#4 [auth] library/php:pull token for registry-1.docker.io
#4 DONE 0.0s

#3 [internal] load metadata for docker.io/library/php:8.2-apache
#3 DONE 1.2s

#5 [internal] load .dockerignore
#5 transferring context: 2B done
#5 DONE 0.1s

#6 [1/4] FROM docker.io/library/php:8.2-apache@sha256:1628cad804f867206938d9f693bae5d05a2d7db6c58752ff0c3acc1c2b5eebca
#6 resolve docker.io/library/php:8.2-apache@sha256:1628cad804f867206938d9f693bae5d05a2d7db6c58752ff0c3acc1c2b5eebca 0.1s done
#6 DONE 0.1s

#7 [2/4] RUN docker-php-ext-install mysqli pdo pdo_mysql
#7 CACHED

#8 [3/4] RUN a2enmod rewrite
#8 CACHED

#9 [4/4] WORKDIR /var/www/html
#9 CACHED

#10 exporting to image
#10 exporting layers done
#10 exporting manifest sha256:41f0b705247381b72991efa86b89633587a7f8d916ca81bb76cf647010e34a2f 0.0s done
#10 exporting config sha256:c931fe5727f4c18128783e99f8df8e589a24da42df375bc89e848a96c4fa6d9c 0.0s done
#10 exporting attestation manifest sha256:378b33f37d6d41a7444e87340bdbd1d15c7192bed3cb91ff2dfaddbd62ca2119 0.1s done
#10 exporting manifest list sha256:191cba5aec0a3af09f9737f8c8eaf5dae29ed004f4dc67f0599b2230d5ca5728
#10 exporting manifest list sha256:191cba5aec0a3af09f9737f8c8eaf5dae29ed004f4dc67f0599b2230d5ca5728 0.0s done
#10 naming to docker.io/library/itverse-web:latest 0.0s done
#10 unpacking to docker.io/library/itverse-web:latest 0.0s done
#10 DONE 0.3s

#11 resolving provenance for metadata file
#11 DONE 0.0s
 Image itverse-web Built 
 Container itverse-db Recreate 
 Container itverse-db Recreated 
 Container itverse-phpmyadmin Creating 
 Container itverse-web Recreate 
 Container itverse-phpmyadmin Created 
 Container itverse-web Recreated 
 Container itverse-db Starting 
 Container itverse-db Started 
 Container itverse-phpmyadmin Starting 
 Container itverse-db Waiting 
 Container itverse-phpmyadmin Started 
 Container itverse-db Healthy 
 Container itverse-web Starting 
 Container itverse-web Started 
